<?xml version="1.0" encoding="UTF-8"?>
<testng-results skipped="0" failed="1" ignored="0" total="1" passed="0">
  <reporter-output>
    <line>
      <![CDATA[Step-1 : Open Flipkart URL https://www.flipkart.com/</br>]]>
    </line>
    <line>
      <![CDATA[Step-2 : Click on close button to close Popup</br>]]>
    </line>
  </reporter-output>
  <suite name="Flipkart" duration-ms="9037" started-at="2020-05-06T10:49:48Z" finished-at="2020-05-06T10:49:58Z">
    <groups>
    </groups>
    <test name="Search Request ID" duration-ms="9037" started-at="2020-05-06T10:49:48Z" finished-at="2020-05-06T10:49:58Z">
      <class name="com.Flipkart.AddtoCart.AddtoCartIndex">
        <test-method status="PASS" signature="fetchSuiteConfiguration(org.testng.ITestContext)[pri:0, instance:com.Flipkart.AddtoCart.AddtoCartIndex@4524411f]" name="fetchSuiteConfiguration" is-config="true" duration-ms="31" started-at="2020-05-06T16:19:48Z" finished-at="2020-05-06T16:19:49Z">
          <params>
            <param index="0">
              <value>
                <![CDATA[org.testng.TestRunner@21d03963]]>
              </value>
            </param>
          </params>
          <reporter-output>
          </reporter-output>
        </test-method> <!-- fetchSuiteConfiguration -->
        <test-method status="PASS" signature="setUp(java.lang.reflect.Method, org.testng.ITestContext, org.testng.ITestResult)[pri:0, instance:com.Flipkart.AddtoCart.AddtoCartIndex@4524411f]" name="setUp" is-config="true" duration-ms="5475" started-at="2020-05-06T16:19:49Z" finished-at="2020-05-06T16:19:54Z">
          <params>
            <param index="0">
              <value>
                <![CDATA[public void com.Flipkart.AddtoCart.AddtoCartIndex.AddToCart()]]>
              </value>
            </param>
            <param index="1">
              <value>
                <![CDATA[org.testng.TestRunner@21d03963]]>
              </value>
            </param>
            <param index="2">
              <value>
                <![CDATA[[TestResult name=AddToCart status=FAILURE method=AddtoCartIndex.AddToCart()[pri:0, instance:com.Flipkart.AddtoCart.AddtoCartIndex@4524411f] output=Step-1 : Open Flipkart URL https://www.flipkart.com/</br>]]]>
              </value>
            </param>
          </params>
          <reporter-output>
          </reporter-output>
        </test-method> <!-- setUp -->
        <test-method status="FAIL" signature="AddToCart()[pri:0, instance:com.Flipkart.AddtoCart.AddtoCartIndex@4524411f]" name="AddToCart" duration-ms="3079" started-at="2020-05-06T16:19:54Z" finished-at="2020-05-06T16:19:57Z">
          <exception class="org.openqa.selenium.WebDriverException">
            <message>
              <![CDATA[Session [null] not available and is not among the last 1000 terminated sessions.Active sessions are[ext. key 4532837150fd1348ed2d9f5faf403c9b]Command duration or timeout: 37 millisecondsBuild info: version: '2.53.1', revision: 'a36b8b1cd5757287168e54b817830adce9b0158d', time: '2016-06-30 19:26:09'System info: host: 'PARTH-PC', ip: '192.168.0.103', os.name: 'Windows 7', os.arch: 'amd64', os.version: '6.1', java.version: '1.8.0_151'Driver info: org.openqa.selenium.remote.RemoteWebDriverCapabilities [{capabilities={networkConnectionEnabled=false, chrome={chromedriverVersion=80.0.3987.106 (f68069574609230cf9b635cd784cfb1bf81bb53a-refs/branch-heads/3987@{#882}), userDataDir=C:\Users\PARTH\AppData\Local\Temp\scoped_dir9564_960929398}, timeouts={implicit=0, pageLoad=300000, script=30000}, pageLoadStrategy=normal, unhandledPromptBehavior=dismiss and notify, strictFileInteractability=false, proxy={}, goog:chromeOptions={debuggerAddress=localhost:63558}, webdriver.remote.sessionid=4532837150fd1348ed2d9f5faf403c9b, acceptInsecureCerts=false, browserVersion=80.0.3987.163, browserName=chrome, platformName=windows, setWindowRect=true}, sessionId=4532837150fd1348ed2d9f5faf403c9b, platform=ANY}]Session ID: null*** Element info: {Using=xpath, value=.//button[@class='_2AkmmA _29YdH8']}]]>
            </message>
            <full-stacktrace>
              <![CDATA[org.openqa.selenium.WebDriverException: Session [null] not available and is not among the last 1000 terminated sessions.Active sessions are[ext. key 4532837150fd1348ed2d9f5faf403c9b]Command duration or timeout: 37 millisecondsBuild info: version: '2.53.1', revision: 'a36b8b1cd5757287168e54b817830adce9b0158d', time: '2016-06-30 19:26:09'System info: host: 'PARTH-PC', ip: '192.168.0.103', os.name: 'Windows 7', os.arch: 'amd64', os.version: '6.1', java.version: '1.8.0_151'Driver info: org.openqa.selenium.remote.RemoteWebDriverCapabilities [{capabilities={networkConnectionEnabled=false, chrome={chromedriverVersion=80.0.3987.106 (f68069574609230cf9b635cd784cfb1bf81bb53a-refs/branch-heads/3987@{#882}), userDataDir=C:\Users\PARTH\AppData\Local\Temp\scoped_dir9564_960929398}, timeouts={implicit=0, pageLoad=300000, script=30000}, pageLoadStrategy=normal, unhandledPromptBehavior=dismiss and notify, strictFileInteractability=false, proxy={}, goog:chromeOptions={debuggerAddress=localhost:63558}, webdriver.remote.sessionid=4532837150fd1348ed2d9f5faf403c9b, acceptInsecureCerts=false, browserVersion=80.0.3987.163, browserName=chrome, platformName=windows, setWindowRect=true}, sessionId=4532837150fd1348ed2d9f5faf403c9b, platform=ANY}]Session ID: null*** Element info: {Using=xpath, value=.//button[@class='_2AkmmA _29YdH8']}at sun.reflect.NativeConstructorAccessorImpl.newInstance0(Native Method)at sun.reflect.NativeConstructorAccessorImpl.newInstance(NativeConstructorAccessorImpl.java:62)at sun.reflect.DelegatingConstructorAccessorImpl.newInstance(DelegatingConstructorAccessorImpl.java:45)at java.lang.reflect.Constructor.newInstance(Constructor.java:423)at org.openqa.selenium.remote.ErrorHandler.createThrowable(ErrorHandler.java:206)at org.openqa.selenium.remote.ErrorHandler.throwIfResponseFailed(ErrorHandler.java:158)at org.openqa.selenium.remote.RemoteWebDriver.execute(RemoteWebDriver.java:678)at org.openqa.selenium.remote.RemoteWebDriver.findElement(RemoteWebDriver.java:363)at org.openqa.selenium.remote.RemoteWebDriver.findElementByXPath(RemoteWebDriver.java:500)at org.openqa.selenium.By$ByXPath.findElement(By.java:361)at org.openqa.selenium.remote.RemoteWebDriver.findElement(RemoteWebDriver.java:355)at org.openqa.selenium.support.pagefactory.DefaultElementLocator.findElement(DefaultElementLocator.java:69)at org.openqa.selenium.support.pagefactory.AjaxElementLocator.access$001(AjaxElementLocator.java:41)at org.openqa.selenium.support.pagefactory.AjaxElementLocator$SlowLoadingElement.isLoaded(AjaxElementLocator.java:157)at org.openqa.selenium.support.ui.SlowLoadableComponent.get(SlowLoadableComponent.java:49)at org.openqa.selenium.support.pagefactory.AjaxElementLocator.findElement(AjaxElementLocator.java:87)at org.openqa.selenium.support.pagefactory.internal.LocatingElementHandler.invoke(LocatingElementHandler.java:38)at com.sun.proxy.$Proxy8.click(Unknown Source)at com.Flipkart.AddtoCart.AddtoCartIndexPage.ClickonCloseBtn(AddtoCartIndexPage.java:31)at com.Flipkart.AddtoCart.AddtoCartIndex.AddToCart(AddtoCartIndex.java:27)at sun.reflect.NativeMethodAccessorImpl.invoke0(Native Method)at sun.reflect.NativeMethodAccessorImpl.invoke(NativeMethodAccessorImpl.java:62)at sun.reflect.DelegatingMethodAccessorImpl.invoke(DelegatingMethodAccessorImpl.java:43)at java.lang.reflect.Method.invoke(Method.java:498)at org.testng.internal.MethodInvocationHelper.invokeMethod(MethodInvocationHelper.java:124)at org.testng.internal.Invoker.invokeMethod(Invoker.java:571)at org.testng.internal.Invoker.invokeTestMethod(Invoker.java:707)at org.testng.internal.Invoker.invokeTestMethods(Invoker.java:979)at org.testng.internal.TestMethodWorker.invokeTestMethods(TestMethodWorker.java:125)at org.testng.internal.TestMethodWorker.run(TestMethodWorker.java:109)at org.testng.TestRunner.privateRun(TestRunner.java:648)at org.testng.TestRunner.run(TestRunner.java:505)at org.testng.SuiteRunner.runTest(SuiteRunner.java:455)at org.testng.SuiteRunner.runSequentially(SuiteRunner.java:450)at org.testng.SuiteRunner.privateRun(SuiteRunner.java:415)at org.testng.SuiteRunner.run(SuiteRunner.java:364)at org.testng.SuiteRunnerWorker.runSuite(SuiteRunnerWorker.java:52)at org.testng.SuiteRunnerWorker.run(SuiteRunnerWorker.java:84)at org.testng.TestNG.runSuitesSequentially(TestNG.java:1187)at org.testng.TestNG.runSuitesLocally(TestNG.java:1116)at org.testng.TestNG.runSuites(TestNG.java:1028)at org.testng.TestNG.run(TestNG.java:996)at org.testng.remote.AbstractRemoteTestNG.run(AbstractRemoteTestNG.java:114)at org.testng.remote.RemoteTestNG.initAndRun(RemoteTestNG.java:251)at org.testng.remote.RemoteTestNG.main(RemoteTestNG.java:77)Caused by: org.openqa.selenium.WebDriverException: Session [null] not available and is not among the last 1000 terminated sessions.Active sessions are[ext. key 4532837150fd1348ed2d9f5faf403c9b]Build info: version: '2.53.1', revision: 'a36b8b1cd5757287168e54b817830adce9b0158d', time: '2016-06-30 19:26:09'System info: host: 'PARTH-PC', ip: '192.168.0.103', os.name: 'Windows 7', os.arch: 'amd64', os.version: '6.1', java.version: '1.8.0_151'Driver info: driver.version: unknownat org.openqa.grid.internal.ActiveTestSessions.getExistingSession(ActiveTestSessions.java:120)at org.openqa.grid.internal.DefaultGridRegistry.getExistingSession(DefaultGridRegistry.java:387)at org.openqa.grid.web.servlet.handler.RequestHandler.getSession(RequestHandler.java:241)at org.openqa.grid.web.servlet.handler.RequestHandler.process(RequestHandler.java:123)at org.openqa.grid.web.servlet.DriverServlet.process(DriverServlet.java:85)at org.openqa.grid.web.servlet.DriverServlet.doPost(DriverServlet.java:69)at javax.servlet.http.HttpServlet.service(HttpServlet.java:707)at javax.servlet.http.HttpServlet.service(HttpServlet.java:790)at org.seleniumhq.jetty9.servlet.ServletHolder.handle(ServletHolder.java:865)at org.seleniumhq.jetty9.servlet.ServletHandler.doHandle(ServletHandler.java:535)at org.seleniumhq.jetty9.server.handler.ScopedHandler.handle(ScopedHandler.java:146)at org.seleniumhq.jetty9.security.SecurityHandler.handle(SecurityHandler.java:548)at org.seleniumhq.jetty9.server.handler.HandlerWrapper.handle(HandlerWrapper.java:132)at org.seleniumhq.jetty9.server.handler.ScopedHandler.nextHandle(ScopedHandler.java:257)at org.seleniumhq.jetty9.server.session.SessionHandler.doHandle(SessionHandler.java:1595)at org.seleniumhq.jetty9.server.handler.ScopedHandler.nextHandle(ScopedHandler.java:255)at org.seleniumhq.jetty9.server.handler.ContextHandler.doHandle(ContextHandler.java:1340)at org.seleniumhq.jetty9.server.handler.ScopedHandler.nextScope(ScopedHandler.java:203)at org.seleniumhq.jetty9.servlet.ServletHandler.doScope(ServletHandler.java:473)at org.seleniumhq.jetty9.server.session.SessionHandler.doScope(SessionHandler.java:1564)at org.seleniumhq.jetty9.server.handler.ScopedHandler.nextScope(ScopedHandler.java:201)at org.seleniumhq.jetty9.server.handler.ContextHandler.doScope(ContextHandler.java:1242)at org.seleniumhq.jetty9.server.handler.ScopedHandler.handle(ScopedHandler.java:144)at org.seleniumhq.jetty9.server.handler.HandlerWrapper.handle(HandlerWrapper.java:132)at org.seleniumhq.jetty9.server.Server.handle(Server.java:503)at org.seleniumhq.jetty9.server.HttpChannel.handle(HttpChannel.java:364)at org.seleniumhq.jetty9.server.HttpConnection.onFillable(HttpConnection.java:260)at org.seleniumhq.jetty9.io.AbstractConnection$ReadCallback.succeeded(AbstractConnection.java:305)at org.seleniumhq.jetty9.io.FillInterest.fillable(FillInterest.java:103)at org.seleniumhq.jetty9.io.ChannelEndPoint$2.run(ChannelEndPoint.java:118)at org.seleniumhq.jetty9.util.thread.strategy.EatWhatYouKill.runTask(EatWhatYouKill.java:333)at org.seleniumhq.jetty9.util.thread.strategy.EatWhatYouKill.doProduce(EatWhatYouKill.java:310)at org.seleniumhq.jetty9.util.thread.strategy.EatWhatYouKill.tryProduce(EatWhatYouKill.java:168)at org.seleniumhq.jetty9.util.thread.strategy.EatWhatYouKill.run(EatWhatYouKill.java:126)at org.seleniumhq.jetty9.util.thread.ReservedThreadExecutor$ReservedThread.run(ReservedThreadExecutor.java:366)at org.seleniumhq.jetty9.util.thread.QueuedThreadPool.runJob(QueuedThreadPool.java:765)at org.seleniumhq.jetty9.util.thread.QueuedThreadPool$2.run(QueuedThreadPool.java:683)at java.lang.Thread.run(Thread.java:748)]]>
            </full-stacktrace>
          </exception> <!-- org.openqa.selenium.WebDriverException -->
          <reporter-output>
            <line>
              <![CDATA[Step-1 : Open Flipkart URL https://www.flipkart.com/</br>]]>
            </line>
            <line>
              <![CDATA[Step-2 : Click on close button to close Popup</br>]]>
            </line>
          </reporter-output>
        </test-method> <!-- AddToCart -->
        <test-method status="PASS" signature="tearDown(org.testng.ITestResult, org.testng.ITestContext)[pri:0, instance:com.Flipkart.AddtoCart.AddtoCartIndex@4524411f]" name="tearDown" is-config="true" duration-ms="333" started-at="2020-05-06T16:19:57Z" finished-at="2020-05-06T16:19:58Z">
          <params>
            <param index="0">
              <value>
                <![CDATA[[TestResult name=AddToCart status=FAILURE method=AddtoCartIndex.AddToCart()[pri:0, instance:com.Flipkart.AddtoCart.AddtoCartIndex@4524411f] output=Step-1 : Open Flipkart URL https://www.flipkart.com/</br>]]]>
              </value>
            </param>
            <param index="1">
              <value>
                <![CDATA[org.testng.TestRunner@21d03963]]>
              </value>
            </param>
          </params>
          <reporter-output>
          </reporter-output>
        </test-method> <!-- tearDown -->
      </class> <!-- com.Flipkart.AddtoCart.AddtoCartIndex -->
    </test> <!-- Search Request ID -->
  </suite> <!-- Flipkart -->
</testng-results>
